2024-12-27T15:38:46.179+0800	DEBUG	Bluebell/main.go:34	logger init success...
2024-12-27T15:39:02.664+0800	INFO	Bluebell/main.go:77	Shutdown Server...
2024-12-27T15:39:02.664+0800	INFO	Bluebell/main.go:86	Server exiting
2024-12-27T15:44:06.768+0800	DEBUG	Bluebell/main.go:34	logger init success...
2024-12-27T15:44:17.879+0800	DEBUG	logic/vote.go:15	PostVote	{"userID": 2265200254259200, "postID": "5549291238068224", "direction": 1}
2024-12-27T15:44:17.879+0800	ERROR	controller/vote.go:41	logic.PostVote failed	{"error": "投票时间已过"}
2024-12-27T15:44:17.880+0800	INFO	logger/logger.go:81	/api/v1/post/vote	{"status": 200, "method": "GET", "path": "/api/v1/post/vote", "query": "", "ip": "::1", "user-agent": "PostmanRuntime/7.42.0", "errors": "", "cost": 0.000909417}
2024-12-27T15:44:55.955+0800	INFO	logger/logger.go:81	/api/v1/post	{"status": 200, "method": "POST", "path": "/api/v1/post", "query": "", "ip": "::1", "user-agent": "PostmanRuntime/7.42.0", "errors": "", "cost": 0.041494792}
2024-12-27T15:45:19.769+0800	DEBUG	logic/vote.go:15	PostVote	{"userID": 2265200254259200, "postID": "5552821931872256", "direction": 1}
2024-12-27T15:45:19.770+0800	INFO	logger/logger.go:81	/api/v1/post/vote	{"status": 200, "method": "GET", "path": "/api/v1/post/vote", "query": "", "ip": "::1", "user-agent": "PostmanRuntime/7.42.0", "errors": "", "cost": 0.002236208}
2024-12-27T15:46:08.547+0800	INFO	Bluebell/main.go:77	Shutdown Server...
2024-12-27T15:46:08.549+0800	INFO	Bluebell/main.go:86	Server exiting
2024-12-27T16:42:20.752+0800	DEBUG	Bluebell/main.go:34	logger init success...
2024-12-27T16:42:21.627+0800	INFO	Bluebell/main.go:77	Shutdown Server...
2024-12-27T16:42:21.627+0800	INFO	Bluebell/main.go:86	Server exiting
2024-12-27T16:55:41.889+0800	DEBUG	Bluebell/main.go:34	logger init success...
2024-12-27T16:55:49.666+0800	INFO	logger/logger.go:81	/api/v1/post/vote	{"status": 200, "method": "GET", "path": "/api/v1/post/vote", "query": "", "ip": "::1", "user-agent": "PostmanRuntime/7.42.0", "errors": "", "cost": 0.000456167}
2024-12-27T16:55:55.237+0800	INFO	logger/logger.go:81	/api/v1/login	{"status": 200, "method": "POST", "path": "/api/v1/login", "query": "", "ip": "::1", "user-agent": "PostmanRuntime/7.42.0", "errors": "", "cost": 0.015491541}
2024-12-27T16:56:06.393+0800	DEBUG	logic/vote.go:15	PostVote	{"userID": 2265200254259200, "postID": "5552821931872256", "direction": 0}
2024-12-27T16:56:06.396+0800	INFO	logger/logger.go:81	/api/v1/post/vote	{"status": 200, "method": "GET", "path": "/api/v1/post/vote", "query": "", "ip": "::1", "user-agent": "PostmanRuntime/7.42.0", "errors": "", "cost": 0.00418175}
2024-12-27T16:56:31.196+0800	INFO	Bluebell/main.go:77	Shutdown Server...
2024-12-27T16:56:31.197+0800	INFO	Bluebell/main.go:86	Server exiting
2024-12-28T14:43:31.971+0800	DEBUG	Bluebell/main.go:34	logger init success...
2024-12-28T14:44:10.089+0800	INFO	logger/logger.go:81	/api/v1/login	{"status": 200, "method": "POST", "path": "/api/v1/login", "query": "", "ip": "::1", "user-agent": "PostmanRuntime/7.42.0", "errors": "", "cost": 0.0195675}
2024-12-28T14:44:59.601+0800	INFO	logger/logger.go:81	/api/v1/posts2	{"status": 200, "method": "GET", "path": "/api/v1/posts2", "query": "page=1&size=2&order=Time", "ip": "::1", "user-agent": "PostmanRuntime/7.42.0", "errors": "", "cost": 0.020270958}
2024-12-28T14:45:14.816+0800	INFO	logger/logger.go:81	/api/v1/posts2	{"status": 200, "method": "GET", "path": "/api/v1/posts2", "query": "page=1&size=2&order=Score", "ip": "::1", "user-agent": "PostmanRuntime/7.42.0", "errors": "", "cost": 0.001711167}
2024-12-28T14:45:49.093+0800	INFO	logger/logger.go:81	/api/v1/post	{"status": 200, "method": "POST", "path": "/api/v1/post", "query": "", "ip": "::1", "user-agent": "PostmanRuntime/7.42.0", "errors": "", "cost": 0.018007084}
2024-12-28T14:45:54.763+0800	INFO	logger/logger.go:81	/api/v1/posts2	{"status": 200, "method": "GET", "path": "/api/v1/posts2", "query": "page=1&size=2&order=Score", "ip": "::1", "user-agent": "PostmanRuntime/7.42.0", "errors": "", "cost": 0.006271292}
2024-12-28T14:46:15.796+0800	INFO	logger/logger.go:81	/api/v1/posts2	{"status": 200, "method": "GET", "path": "/api/v1/posts2", "query": "page=1&size=2&order=Time", "ip": "::1", "user-agent": "PostmanRuntime/7.42.0", "errors": "", "cost": 0.002164208}
2024-12-28T14:47:19.277+0800	INFO	logger/logger.go:81	/api/v1/posts2	{"status": 200, "method": "GET", "path": "/api/v1/posts2", "query": "page=1&size=2&order=Score", "ip": "::1", "user-agent": "PostmanRuntime/7.42.0", "errors": "", "cost": 0.006837833}
2024-12-28T14:48:27.510+0800	DEBUG	logic/vote.go:15	PostVote	{"userID": 2265200254259200, "postID": "5552821931872256", "direction": 1}
2024-12-28T14:48:27.512+0800	INFO	logger/logger.go:81	/api/v1/post/vote	{"status": 200, "method": "GET", "path": "/api/v1/post/vote", "query": "", "ip": "::1", "user-agent": "PostmanRuntime/7.42.0", "errors": "", "cost": 0.001681958}
2024-12-28T14:48:59.640+0800	INFO	logger/logger.go:81	/api/v1/post	{"status": 200, "method": "POST", "path": "/api/v1/post", "query": "", "ip": "::1", "user-agent": "PostmanRuntime/7.42.0", "errors": "", "cost": 0.004191834}
2024-12-28T14:50:01.816+0800	INFO	logger/logger.go:81	/api/v1/posts2	{"status": 200, "method": "GET", "path": "/api/v1/posts2", "query": "page=1&size=2&order=Score", "ip": "::1", "user-agent": "PostmanRuntime/7.42.0", "errors": "", "cost": 0.004061958}
2024-12-28T14:50:08.567+0800	INFO	logger/logger.go:81	/api/v1/posts2	{"status": 200, "method": "GET", "path": "/api/v1/posts2", "query": "page=1&size=3&order=Score", "ip": "::1", "user-agent": "PostmanRuntime/7.42.0", "errors": "", "cost": 0.0028805}
2024-12-28T14:50:23.754+0800	DEBUG	logic/vote.go:15	PostVote	{"userID": 2265200254259200, "postID": "5900333272272896", "direction": 1}
2024-12-28T14:50:23.755+0800	INFO	logger/logger.go:81	/api/v1/post/vote	{"status": 200, "method": "GET", "path": "/api/v1/post/vote", "query": "", "ip": "::1", "user-agent": "PostmanRuntime/7.42.0", "errors": "", "cost": 0.000701208}
2024-12-28T14:50:28.491+0800	INFO	logger/logger.go:81	/api/v1/posts2	{"status": 200, "method": "GET", "path": "/api/v1/posts2", "query": "page=1&size=3&order=Score", "ip": "::1", "user-agent": "PostmanRuntime/7.42.0", "errors": "", "cost": 0.005148875}
2024-12-28T14:51:11.754+0800	INFO	Bluebell/main.go:77	Shutdown Server...
2024-12-28T14:51:11.758+0800	INFO	Bluebell/main.go:86	Server exiting
